loading initial cache file MAKE_CXX_COMPILER=hipcc
-- GRMHD module enabled.
-- Cowling metric enabled
-- Cartesian cordinate system enabled.
-- Found MPI: TRUE (found version "3.1")  
-- MPI libs: /cluster/mpi/openmpi/5.0.5-rocm/lib/libmpi.so
-- MPI includes: /cluster/mpi/openmpi/5.0.5-rocm/include
-- MPI flags: 
-- Looking for p4est in /home/astro/musolino/libs//p4est-install-system-mpi
-- p4est libs: /home/astro/musolino/libs/p4est-install-system-mpi/lib64/libp4est.a
-- sc libs: /home/astro/musolino/libs/p4est-install-system-mpi/lib64/libsc.a
-- p4est include: /home/astro/musolino/libs/p4est-install-system-mpi/include
-- Kokkos root /home/astro/musolino/libs//kokkos4-install
-- Enabled Kokkos devices: SERIAL;HIP
-- Searching path /home/astro/musolino/libs//yaml-cpp-install
-- yaml-cpp libraries: yaml-cpp::yaml-cpp
-- yaml-cpp includes: /home/astro/musolino/libs/yaml-cpp-install/include
-- Searching path /home/astro/musolino/libs//spdlog-install
-- spdlog libraries: 
-- spdlog includes: 
-- VTK support enabled
-- Found MPI: TRUE (found version "3.1") found components: C 
-- VTK libraries: VTK::CommonCore;VTK::CommonDataModel;VTK::FiltersCore;VTK::IOXML;VTK::IOParallelXML;VTK::ParallelMPI
-- VTK includes: 
-- Profiling enabled.
-- rocprofiler found
-- amd comgr found
-- roctx found
-- Configuring incomplete, errors occurred!
