[23-02-2025 19.01:04.634] [error] 
========== FATAL ERROR ==========
Termination signal caught.
File /mnt/rafast/miler/codes/grace/src/errors/error.cc
Line 30
Function void detail::grace_signal_handler(int)
Stack trace follows:
/lib/x86_64-linux-gnu/libc.so.6(+0x45320) [0x71ebefa45320] Address (to be read by addr2line): 0x45320
/lib/x86_64-linux-gnu/libc.so.6(__sched_yield+0xb) [0x71ebefb0e7db] Address (to be read by addr2line): 0x10e7db
/opt/rocm-6.2.1/lib/llvm/bin/../../../lib/libamdhip64.so.6(+0x38dbf5) [0x71ebf058dbf5] Address (to be read by addr2line): 0x38dbf5
/opt/rocm-6.2.1/lib/llvm/bin/../../../lib/libamdhip64.so.6(+0x391fe9) [0x71ebf0591fe9] Address (to be read by addr2line): 0x391fe9
/opt/rocm-6.2.1/lib/llvm/bin/../../../lib/libamdhip64.so.6(+0xff84e) [0x71ebf02ff84e] Address (to be read by addr2line): 0xff84e
/opt/rocm-6.2.1/lib/llvm/bin/../../../lib/libamdhip64.so.6(+0x1c8ba8) [0x71ebf03c8ba8] Address (to be read by addr2line): 0x1c8ba8
/opt/rocm-6.2.1/lib/llvm/bin/../../../lib/libamdhip64.so.6(+0x1d3b05) [0x71ebf03d3b05] Address (to be read by addr2line): 0x1d3b05
./build-hdf5/grace() [0x1091f17] Address (to be read by addr2line): 0x1091f17
./build-hdf5/grace() [0x1091e01] Address (to be read by addr2line): 0x1091e01
./build-hdf5/grace() [0x1090bd7] Address (to be read by addr2line): 0x1090bd7
./build-hdf5/grace() [0xe2d131] Address (to be read by addr2line): 0xe2d131
./build-hdf5/grace() [0x108ba71] Address (to be read by addr2line): 0x108ba71
./build-hdf5/grace() [0xe2bb03] Address (to be read by addr2line): 0xe2bb03
./build-hdf5/grace() [0xe2b913] Address (to be read by addr2line): 0xe2b913
./build-hdf5/grace() [0xe9bcdc] Address (to be read by addr2line): 0xe9bcdc
./build-hdf5/grace() [0xf821e6] Address (to be read by addr2line): 0xf821e6
./build-hdf5/grace() [0xf7bb90] Address (to be read by addr2line): 0xf7bb90

=================================


